[2m22:48:10[22m [31m[1m[vite][22m[39m [31mError when evaluating SSR module /Users/kian/cf-repos/GitHub/cloudflare-docs/astro.config.ts:
|- ReferenceError: falsee is not defined
    at /Users/kian/cf-repos/GitHub/cloudflare-docs/astro.config.ts:177:16
    at async instantiateModule (file:///Users/kian/cf-repos/GitHub/cloudflare-docs/node_modules/vite/dist/node/chunks/dep-CB_7IfJ-.js:52972:5)
[39m
[1m[31m[astro][39m[22m Unable to load your Astro config

falsee is not defined
  [1mLocation:[22m
    [4m/Users/kian/cf-repos/GitHub/cloudflare-docs/node_modules/vite/dist/node/chunks/dep-CB_7IfJ-.js:52972:5[24m
  [1mStack trace:[22m
[2m    at /Users/kian/cf-repos/GitHub/cloudflare-docs/astro.config.ts:177:16[22m
[2m22:48:12[22m [31m[1m[vite][22m[39m [31mError when evaluating SSR module /Users/kian/cf-repos/GitHub/cloudflare-docs/astro.config.ts:
|- ReferenceError: falsee is not defined
    at /Users/kian/cf-repos/GitHub/cloudflare-docs/astro.config.ts:177:16
    at async instantiateModule (file:///Users/kian/cf-repos/GitHub/cloudflare-docs/node_modules/vite/dist/node/chunks/dep-CB_7IfJ-.js:52972:5)
[39m
[1m[31m[astro][39m[22m Unable to load your Astro config

falsee is not defined
  [1mLocation:[22m
    [4m/Users/kian/cf-repos/GitHub/cloudflare-docs/node_modules/vite/dist/node/chunks/dep-CB_7IfJ-.js:52972:5[24m
  [1mStack trace:[22m
[2m    at /Users/kian/cf-repos/GitHub/cloudflare-docs/astro.config.ts:177:16[22m
